2018-03-11 21:29:26,313 INFO juMmcfinlqhsLOEkUIpzCvtgAdaPYe(671) Starting up Miner...
2018-03-11 21:29:26,991 INFO juMmcfinlqhsLOEkUIpzCvtgAdaPYe(674) CL Platform NVIDIA CUDA
2018-03-11 21:29:26,991 INFO juMmcfinlqhsLOEkUIpzCvtgAdaPYe(690) GPU GeForce GTX 1080 Ti intensity 50%
2018-03-11 21:29:26,992 INFO juMmcfinlqhsLOEkUIpzCvtgAdaPYe(690) GPU GeForce GTX 1070 Ti intensity 50%
2018-03-11 21:29:26,992 INFO juMmcfinlqhsLOEkUIpzCvtgAdaPYe(690) GPU GeForce GTX 1080 Ti intensity 50%
2018-03-11 21:29:26,993 INFO juMmcfinlqhsLOEkUIpzCvtgAdaPYe(690) GPU GeForce GTX 1080 Ti intensity 50%
2018-03-11 21:29:26,993 INFO juMmcfinlqhsLOEkUIpzCvtgAdaPYe(690) GPU GeForce GTX 1070 Ti intensity 50%
2018-03-11 21:29:26,994 INFO juMmcfinlqhsLOEkUIpzCvtgAdaPYe(690) GPU GeForce GTX 1070 Ti intensity 50%
2018-03-11 21:29:26,994 INFO juMmcfinlqhsLOEkUIpzCvtgAdaPYe(690) GPU GeForce GTX 1070 Ti intensity 50%
2018-03-11 21:29:26,994 INFO juMmcfinlqhsLOEkUIpzCvtgAdaPYe(690) GPU GeForce GTX 1070 Ti intensity 50%
2018-03-11 21:29:26,995 INFO juMmcfinlqhsLOEkUIpzCvtgAdaPYe(690) GPU GeForce GTX 1070 Ti intensity 50%
2018-03-11 21:29:26,995 INFO juMmcfinlqhsLOEkUIpzCvtgAdaPYe(690) GPU GeForce GTX 1070 Ti intensity 50%
2018-03-11 21:29:26,996 INFO juMmcfinlqhsLOEkUIpzCvtgAdaPYe(690) GPU GeForce GTX 1070 Ti intensity 50%
2018-03-11 21:29:26,996 INFO juMmcfinlqhsLOEkUIpzCvtgAdaPYe(690) GPU GeForce GTX 1070 Ti intensity 50%
2018-03-11 21:29:27,006 INFO juMmcfinlqhsLOEkUIpzCvtgAdaPYD(543) 12 GPUs found
2018-03-11 21:29:27,576 INFO juMmcfinlqhsLOEkUIpzCvtgAdaPYD(547) SSL status sent, code 200
2018-03-11 21:29:55,690 INFO juMmcfinlqhsLOEkUIpzCvtgAdaPYe(671) Starting up Miner...
2018-03-11 21:29:56,604 INFO juMmcfinlqhsLOEkUIpzCvtgAdaPYe(674) CL Platform NVIDIA CUDA
2018-03-11 21:29:56,609 INFO juMmcfinlqhsLOEkUIpzCvtgAdaPYe(690) GPU GeForce GTX 1080 Ti intensity 50%
2018-03-11 21:29:56,610 INFO juMmcfinlqhsLOEkUIpzCvtgAdaPYe(690) GPU GeForce GTX 1070 Ti intensity 50%
2018-03-11 21:29:56,612 INFO juMmcfinlqhsLOEkUIpzCvtgAdaPYe(690) GPU GeForce GTX 1080 Ti intensity 50%
2018-03-11 21:29:56,614 INFO juMmcfinlqhsLOEkUIpzCvtgAdaPYe(690) GPU GeForce GTX 1080 Ti intensity 50%
2018-03-11 21:29:56,615 INFO juMmcfinlqhsLOEkUIpzCvtgAdaPYe(690) GPU GeForce GTX 1070 Ti intensity 50%
2018-03-11 21:29:56,616 INFO juMmcfinlqhsLOEkUIpzCvtgAdaPYe(690) GPU GeForce GTX 1070 Ti intensity 50%
2018-03-11 21:29:56,617 INFO juMmcfinlqhsLOEkUIpzCvtgAdaPYe(690) GPU GeForce GTX 1070 Ti intensity 50%
2018-03-11 21:29:56,617 INFO juMmcfinlqhsLOEkUIpzCvtgAdaPYe(690) GPU GeForce GTX 1070 Ti intensity 50%
2018-03-11 21:29:56,618 INFO juMmcfinlqhsLOEkUIpzCvtgAdaPYe(690) GPU GeForce GTX 1070 Ti intensity 50%
2018-03-11 21:29:56,618 INFO juMmcfinlqhsLOEkUIpzCvtgAdaPYe(690) GPU GeForce GTX 1070 Ti intensity 50%
2018-03-11 21:29:56,619 INFO juMmcfinlqhsLOEkUIpzCvtgAdaPYe(690) GPU GeForce GTX 1070 Ti intensity 50%
2018-03-11 21:29:56,619 INFO juMmcfinlqhsLOEkUIpzCvtgAdaPYe(690) GPU GeForce GTX 1070 Ti intensity 50%
2018-03-11 21:29:56,632 INFO juMmcfinlqhsLOEkUIpzCvtgAdaPYD(543) 12 GPUs found
2018-03-11 21:29:57,279 INFO juMmcfinlqhsLOEkUIpzCvtgAdaPYD(547) SSL status sent, code 200
2018-03-11 21:30:54,249 INFO juMmcfinlqhsLOEkUIpzCvtgAdaPYe(671) Starting up Miner...
2018-03-11 21:30:55,438 INFO juMmcfinlqhsLOEkUIpzCvtgAdaPYe(671) Starting up Miner...
2018-03-11 21:30:56,794 INFO juMmcfinlqhsLOEkUIpzCvtgAdaPYe(671) Starting up Miner...
2018-03-11 21:30:57,963 INFO juMmcfinlqhsLOEkUIpzCvtgAdaPYe(671) Starting up Miner...
2018-03-11 21:30:59,146 INFO juMmcfinlqhsLOEkUIpzCvtgAdaPYe(671) Starting up Miner...
2018-03-11 21:31:05,021 INFO juMmcfinlqhsLOEkUIpzCvtgAdaPYe(671) Starting up Miner...
2018-03-11 21:31:05,709 INFO juMmcfinlqhsLOEkUIpzCvtgAdaPYe(674) CL Platform NVIDIA CUDA
2018-03-11 21:31:05,709 INFO juMmcfinlqhsLOEkUIpzCvtgAdaPYe(690) GPU GeForce GTX 1080 Ti intensity 50%
2018-03-11 21:31:05,710 INFO juMmcfinlqhsLOEkUIpzCvtgAdaPYe(690) GPU GeForce GTX 1070 Ti intensity 50%
2018-03-11 21:31:05,710 INFO juMmcfinlqhsLOEkUIpzCvtgAdaPYe(690) GPU GeForce GTX 1080 Ti intensity 50%
2018-03-11 21:31:05,711 INFO juMmcfinlqhsLOEkUIpzCvtgAdaPYe(690) GPU GeForce GTX 1080 Ti intensity 50%
2018-03-11 21:31:05,711 INFO juMmcfinlqhsLOEkUIpzCvtgAdaPYe(690) GPU GeForce GTX 1070 Ti intensity 50%
2018-03-11 21:31:05,712 INFO juMmcfinlqhsLOEkUIpzCvtgAdaPYe(690) GPU GeForce GTX 1070 Ti intensity 50%
2018-03-11 21:31:05,712 INFO juMmcfinlqhsLOEkUIpzCvtgAdaPYe(690) GPU GeForce GTX 1070 Ti intensity 50%
2018-03-11 21:31:05,712 INFO juMmcfinlqhsLOEkUIpzCvtgAdaPYe(690) GPU GeForce GTX 1070 Ti intensity 50%
2018-03-11 21:31:05,713 INFO juMmcfinlqhsLOEkUIpzCvtgAdaPYe(690) GPU GeForce GTX 1070 Ti intensity 50%
2018-03-11 21:31:05,713 INFO juMmcfinlqhsLOEkUIpzCvtgAdaPYe(690) GPU GeForce GTX 1070 Ti intensity 50%
2018-03-11 21:31:05,714 INFO juMmcfinlqhsLOEkUIpzCvtgAdaPYe(690) GPU GeForce GTX 1070 Ti intensity 50%
2018-03-11 21:31:05,714 INFO juMmcfinlqhsLOEkUIpzCvtgAdaPYe(690) GPU GeForce GTX 1070 Ti intensity 50%
2018-03-11 21:31:05,723 INFO juMmcfinlqhsLOEkUIpzCvtgAdaPYD(543) 12 GPUs found
2018-03-11 21:31:06,249 INFO juMmcfinlqhsLOEkUIpzCvtgAdaPYD(547) SSL status sent, code 200
2018-03-11 21:31:59,113 INFO juMmcfinlqhsLOEkUIpzCvtgAdaPYe(671) Starting up Miner...
2018-03-11 21:32:00,340 INFO juMmcfinlqhsLOEkUIpzCvtgAdaPYe(674) CL Platform NVIDIA CUDA
2018-03-11 21:32:00,341 INFO juMmcfinlqhsLOEkUIpzCvtgAdaPYe(690) GPU GeForce GTX 1080 Ti intensity 50%
2018-03-11 21:32:00,341 INFO juMmcfinlqhsLOEkUIpzCvtgAdaPYe(690) GPU GeForce GTX 1070 Ti intensity 50%
2018-03-11 21:32:00,342 INFO juMmcfinlqhsLOEkUIpzCvtgAdaPYe(690) GPU GeForce GTX 1080 Ti intensity 50%
2018-03-11 21:32:00,342 INFO juMmcfinlqhsLOEkUIpzCvtgAdaPYe(690) GPU GeForce GTX 1080 Ti intensity 50%
2018-03-11 21:32:00,343 INFO juMmcfinlqhsLOEkUIpzCvtgAdaPYe(690) GPU GeForce GTX 1070 Ti intensity 50%
2018-03-11 21:32:00,343 INFO juMmcfinlqhsLOEkUIpzCvtgAdaPYe(690) GPU GeForce GTX 1070 Ti intensity 50%
2018-03-11 21:32:00,344 INFO juMmcfinlqhsLOEkUIpzCvtgAdaPYe(690) GPU GeForce GTX 1070 Ti intensity 50%
2018-03-11 21:32:00,344 INFO juMmcfinlqhsLOEkUIpzCvtgAdaPYe(690) GPU GeForce GTX 1070 Ti intensity 50%
2018-03-11 21:32:00,345 INFO juMmcfinlqhsLOEkUIpzCvtgAdaPYe(690) GPU GeForce GTX 1070 Ti intensity 50%
2018-03-11 21:32:00,346 INFO juMmcfinlqhsLOEkUIpzCvtgAdaPYe(690) GPU GeForce GTX 1070 Ti intensity 50%
2018-03-11 21:32:00,346 INFO juMmcfinlqhsLOEkUIpzCvtgAdaPYe(690) GPU GeForce GTX 1070 Ti intensity 50%
2018-03-11 21:32:00,347 INFO juMmcfinlqhsLOEkUIpzCvtgAdaPYe(690) GPU GeForce GTX 1070 Ti intensity 50%
2018-03-11 21:32:00,360 INFO juMmcfinlqhsLOEkUIpzCvtgAdaPYD(543) 12 GPUs found
2018-03-11 21:32:00,879 INFO juMmcfinlqhsLOEkUIpzCvtgAdaPYD(547) SSL status sent, code 200
2018-03-11 21:33:05,345 INFO juMmcfinlqhsLOEkUIpzCvtgAdaPYR(410) Found diff 100 nonce 7a586ca349f0d581d8d146eb396514e5 for block 0a2c4659028a29d2aead0a90b6354e393cf7fef9eeab16ab67944eef at pool bp1
2018-03-11 21:33:05,345 INFO juMmcfinlqhsLOEkUIpzCvtgAdaPYR(418) Send to bp1.eggpool.net:8525
2018-03-11 21:35:35,613 INFO juMmcfinlqhsLOEkUIpzCvtgAdaPYe(671) Starting up Miner...
2018-03-11 21:35:36,825 INFO juMmcfinlqhsLOEkUIpzCvtgAdaPYe(674) CL Platform NVIDIA CUDA
2018-03-11 21:35:36,826 INFO juMmcfinlqhsLOEkUIpzCvtgAdaPYe(690) GPU GeForce GTX 1080 Ti intensity 50%
2018-03-11 21:35:36,827 INFO juMmcfinlqhsLOEkUIpzCvtgAdaPYe(690) GPU GeForce GTX 1070 Ti intensity 50%
2018-03-11 21:35:36,828 INFO juMmcfinlqhsLOEkUIpzCvtgAdaPYe(690) GPU GeForce GTX 1080 Ti intensity 50%
2018-03-11 21:35:36,828 INFO juMmcfinlqhsLOEkUIpzCvtgAdaPYe(690) GPU GeForce GTX 1080 Ti intensity 50%
2018-03-11 21:35:36,829 INFO juMmcfinlqhsLOEkUIpzCvtgAdaPYe(690) GPU GeForce GTX 1070 Ti intensity 50%
2018-03-11 21:35:36,829 INFO juMmcfinlqhsLOEkUIpzCvtgAdaPYe(690) GPU GeForce GTX 1070 Ti intensity 50%
2018-03-11 21:35:36,830 INFO juMmcfinlqhsLOEkUIpzCvtgAdaPYe(690) GPU GeForce GTX 1070 Ti intensity 50%
2018-03-11 21:35:36,830 INFO juMmcfinlqhsLOEkUIpzCvtgAdaPYe(690) GPU GeForce GTX 1070 Ti intensity 50%
2018-03-11 21:35:36,831 INFO juMmcfinlqhsLOEkUIpzCvtgAdaPYe(690) GPU GeForce GTX 1070 Ti intensity 50%
2018-03-11 21:35:36,831 INFO juMmcfinlqhsLOEkUIpzCvtgAdaPYe(690) GPU GeForce GTX 1070 Ti intensity 50%
2018-03-11 21:35:36,832 INFO juMmcfinlqhsLOEkUIpzCvtgAdaPYe(690) GPU GeForce GTX 1070 Ti intensity 50%
2018-03-11 21:35:36,832 INFO juMmcfinlqhsLOEkUIpzCvtgAdaPYe(690) GPU GeForce GTX 1070 Ti intensity 50%
2018-03-11 21:35:36,845 INFO juMmcfinlqhsLOEkUIpzCvtgAdaPYD(543) 12 GPUs found
2018-03-11 21:35:37,369 INFO juMmcfinlqhsLOEkUIpzCvtgAdaPYD(547) SSL status sent, code 200
2018-03-11 21:38:00,397 INFO juMmcfinlqhsLOEkUIpzCvtgAdaPYR(410) Found diff 101 nonce 27d9498a57bf521a1ce439b5bdc9652d for block bccc4e668b03034afb966947ea7a2bac36be1e82e9b936811954ec6d at pool bp2
2018-03-11 21:38:00,397 INFO juMmcfinlqhsLOEkUIpzCvtgAdaPYR(418) Send to bp2.eggpool.net:8525
2018-03-11 21:39:28,586 INFO juMmcfinlqhsLOEkUIpzCvtgAdaPYR(410) Found diff 94 nonce 2cf773096cc28823a60f9c4076395afa for block 9605070ead00fa218a55bc0a8fe21a42698fcbc09783c35f0ad65778 at pool bp1
2018-03-11 21:39:28,586 INFO juMmcfinlqhsLOEkUIpzCvtgAdaPYR(418) Send to bp1.eggpool.net:8525
2018-03-11 21:40:55,791 INFO juMmcfinlqhsLOEkUIpzCvtgAdaPYN(487) Status: Found 177 nonces @81 and 2 nonces @94
2018-03-11 21:40:55,791 INFO juMmcfinlqhsLOEkUIpzCvtgAdaPYN(488) Status: Total 17.40 GH/s
2018-03-11 21:42:35,830 INFO juMmcfinlqhsLOEkUIpzCvtgAdaPYe(671) Starting up Miner...
2018-03-11 21:42:36,247 INFO juMmcfinlqhsLOEkUIpzCvtgAdaPYe(674) CL Platform NVIDIA CUDA
2018-03-11 21:42:36,248 INFO juMmcfinlqhsLOEkUIpzCvtgAdaPYe(690) GPU GeForce GTX 1080 Ti intensity 50%
2018-03-11 21:42:36,249 INFO juMmcfinlqhsLOEkUIpzCvtgAdaPYe(690) GPU GeForce GTX 1070 Ti intensity 50%
2018-03-11 21:42:36,250 INFO juMmcfinlqhsLOEkUIpzCvtgAdaPYe(690) GPU GeForce GTX 1080 Ti intensity 50%
2018-03-11 21:42:36,251 INFO juMmcfinlqhsLOEkUIpzCvtgAdaPYe(690) GPU GeForce GTX 1080 Ti intensity 50%
2018-03-11 21:42:36,252 INFO juMmcfinlqhsLOEkUIpzCvtgAdaPYe(690) GPU GeForce GTX 1070 Ti intensity 50%
2018-03-11 21:42:36,253 INFO juMmcfinlqhsLOEkUIpzCvtgAdaPYe(690) GPU GeForce GTX 1070 Ti intensity 50%
2018-03-11 21:42:36,254 INFO juMmcfinlqhsLOEkUIpzCvtgAdaPYe(690) GPU GeForce GTX 1070 Ti intensity 50%
2018-03-11 21:42:36,255 INFO juMmcfinlqhsLOEkUIpzCvtgAdaPYe(690) GPU GeForce GTX 1070 Ti intensity 50%
2018-03-11 21:42:36,256 INFO juMmcfinlqhsLOEkUIpzCvtgAdaPYe(690) GPU GeForce GTX 1070 Ti intensity 50%
2018-03-11 21:42:36,257 INFO juMmcfinlqhsLOEkUIpzCvtgAdaPYe(690) GPU GeForce GTX 1070 Ti intensity 50%
2018-03-11 21:42:36,258 INFO juMmcfinlqhsLOEkUIpzCvtgAdaPYe(690) GPU GeForce GTX 1070 Ti intensity 50%
2018-03-11 21:42:36,259 INFO juMmcfinlqhsLOEkUIpzCvtgAdaPYe(690) GPU GeForce GTX 1070 Ti intensity 50%
2018-03-11 21:42:36,292 INFO juMmcfinlqhsLOEkUIpzCvtgAdaPYD(543) 12 GPUs found
2018-03-11 21:42:36,790 INFO juMmcfinlqhsLOEkUIpzCvtgAdaPYD(547) SSL status sent, code 200
2018-03-11 21:44:28,720 INFO juMmcfinlqhsLOEkUIpzCvtgAdaPYe(671) Starting up Miner...
2018-03-11 21:44:29,343 INFO juMmcfinlqhsLOEkUIpzCvtgAdaPYe(674) CL Platform NVIDIA CUDA
2018-03-11 21:44:29,344 INFO juMmcfinlqhsLOEkUIpzCvtgAdaPYe(690) GPU GeForce GTX 1080 Ti intensity 50%
2018-03-11 21:44:29,344 INFO juMmcfinlqhsLOEkUIpzCvtgAdaPYe(690) GPU GeForce GTX 1070 Ti intensity 50%
2018-03-11 21:44:29,345 INFO juMmcfinlqhsLOEkUIpzCvtgAdaPYe(690) GPU GeForce GTX 1080 Ti intensity 50%
2018-03-11 21:44:29,346 INFO juMmcfinlqhsLOEkUIpzCvtgAdaPYe(690) GPU GeForce GTX 1080 Ti intensity 50%
2018-03-11 21:44:29,346 INFO juMmcfinlqhsLOEkUIpzCvtgAdaPYe(690) GPU GeForce GTX 1070 Ti intensity 50%
2018-03-11 21:44:29,347 INFO juMmcfinlqhsLOEkUIpzCvtgAdaPYe(690) GPU GeForce GTX 1070 Ti intensity 50%
2018-03-11 21:44:29,347 INFO juMmcfinlqhsLOEkUIpzCvtgAdaPYe(690) GPU GeForce GTX 1070 Ti intensity 50%
2018-03-11 21:44:29,348 INFO juMmcfinlqhsLOEkUIpzCvtgAdaPYe(690) GPU GeForce GTX 1070 Ti intensity 50%
2018-03-11 21:44:29,349 INFO juMmcfinlqhsLOEkUIpzCvtgAdaPYe(690) GPU GeForce GTX 1070 Ti intensity 50%
2018-03-11 21:44:29,350 INFO juMmcfinlqhsLOEkUIpzCvtgAdaPYe(690) GPU GeForce GTX 1070 Ti intensity 50%
2018-03-11 21:44:29,350 INFO juMmcfinlqhsLOEkUIpzCvtgAdaPYe(690) GPU GeForce GTX 1070 Ti intensity 50%
2018-03-11 21:44:29,351 INFO juMmcfinlqhsLOEkUIpzCvtgAdaPYe(690) GPU GeForce GTX 1070 Ti intensity 50%
2018-03-11 21:44:29,363 INFO juMmcfinlqhsLOEkUIpzCvtgAdaPYD(543) 12 GPUs found
2018-03-11 21:44:29,892 INFO juMmcfinlqhsLOEkUIpzCvtgAdaPYD(547) SSL status sent, code 200
